<?xml version="1.0" encoding="UTF-8"?>
<testsuite xmlns:xsi="http://www.w3.org/2001/XMLSchema-instance" xsi:noNamespaceSchemaLocation="https://maven.apache.org/surefire/maven-surefire-plugin/xsd/surefire-test-report.xsd" version="3.0.2" name="com.workshop.battlecontender.controller.ContenderControllerTest" time="0.298" tests="1" errors="0" skipped="0" failures="0">
  <properties>
[...]
</properties>
  <testcase name="getActiveSession_returnsSession" classname="com.workshop.battlecontender.controller.ContenderControllerTest" time="0.078">
    <system-out><![CDATA[2026-02-24T21:09:17.653+01:00  INFO 20577 --- [battle-contender] [           main] t.c.s.AnnotationConfigContextLoaderUtils : Could not detect default configuration classes for test class [com.workshop.battlecontender.controller.ContenderControllerTest]: ContenderControllerTest does not declare any static, non-private, non-final, nested classes annotated with @Configuration.
2026-02-24T21:09:17.666+01:00  INFO 20577 --- [battle-contender] [           main] .b.t.c.SpringBootTestContextBootstrapper : Found @SpringBootConfiguration com.workshop.battlecontender.BattleContenderApplication for test class com.workshop.battlecontender.controller.ContenderControllerTest

  .   ____          _            __ _ _
 /\\ / ___'_ __ _ _(_)_ __  __ _ \ \ \ \
( ( )\___ | '_ | '_| | '_ \/ _` | \ \ \ \
 \\/  ___)| |_)| | | | | || (_| |  ) ) ) )
  '  |____| .__|_| |_|_| |_\__, | / / / /
 =========|_|==============|___/=/_/_/_/

 :: Spring Boot ::                (v4.0.3)

2026-02-24T21:09:17.682+01:00  INFO 20577 --- [battle-contender] [           main] c.w.b.c.ContenderControllerTest          : Starting ContenderControllerTest using Java 25.0.1 with PID 20577 (started by alrs in /Users/alrs/Documents/projects/battle-contender)
2026-02-24T21:09:17.682+01:00  INFO 20577 --- [battle-contender] [           main] c.w.b.c.ContenderControllerTest          : No active profile set, falling back to 1 default profile: "default"
2026-02-24T21:09:17.815+01:00  INFO 20577 --- [battle-contender] [           main] o.s.b.w.a.WelcomePageHandlerMapping      : Adding welcome page: class path resource [static/index.html]
2026-02-24T21:09:17.855+01:00  INFO 20577 --- [battle-contender] [           main] o.s.b.t.m.w.SpringBootMockServletContext : Initializing Spring TestDispatcherServlet ''
2026-02-24T21:09:17.856+01:00  INFO 20577 --- [battle-contender] [           main] o.s.t.web.servlet.TestDispatcherServlet  : Initializing Servlet ''
2026-02-24T21:09:17.857+01:00  INFO 20577 --- [battle-contender] [           main] o.s.t.web.servlet.TestDispatcherServlet  : Completed initialization in 0 ms
2026-02-24T21:09:17.866+01:00  INFO 20577 --- [battle-contender] [           main] c.w.b.c.ContenderControllerTest          : Started ContenderControllerTest in 0.197 seconds (process running for 2.127)
]]></system-out>
  </testcase>
</testsuite>